Flutter crash report; please file at https://github.com/flutter/flutter/issues.

## command blah blah

flutter --quiet assemble --depfile /Users/natalieleung/Documents/flutter app/BlendingBoardApp/blendingboardapp/build/app/intermediates/flutter/release/flutter_build.d --output /Users/natalieleung/Documents/flutter app/BlendingBoardApp/blendingboardapp/build/app/intermediates/flutter/release -dTargetFile=lib/main.dart -dTargetPlatform=android -dBuildMode=release android_aot_bundle_release_android-arm android_aot_bundle_release_android-arm64 android_aot_bundle_release_android-x64

## exception

FileSystemException: FileSystemException: Creation failed, path = '/Users/natalieleung/Documents/flutter app/BlendingBoardApp/blendingboardapp/.dart_tool/flutter_build' (OS Error: Permission denied, errno = 13)

```
#0      _Directory.createSync (dart:io/directory_impl.dart:140:7)
#1      _Directory.createSync (dart:io/directory_impl.dart:135:16)
#2      ForwardingDirectory.createSync (package:file/src/forwarding/forwarding_directory.dart:22:16)
#3      BuildSystem.build (package:flutter_tools/src/build_system/build_system.dart:410:26)
#4      AssembleCommand.runCommand (package:flutter_tools/src/commands/assemble.dart:170:50)
#5      FlutterCommand.verifyThenRunCommand (package:flutter_tools/src/runner/flutter_command.dart:615:18)
<asynchronous suspension>
#6      FlutterCommand.run.<anonymous closure> (package:flutter_tools/src/runner/flutter_command.dart:515:33)
<asynchronous suspension>
#7      AppContext.run.<anonymous closure> (package:flutter_tools/src/base/context.dart:146:29)
#8      _rootRun (dart:async/zone.dart:1126:13)
#9      _CustomZone.run (dart:async/zone.dart:1023:19)
#10     _runZoned (dart:async/zone.dart:1518:10)
#11     runZoned (dart:async/zone.dart:1465:12)
#12     AppContext.run (package:flutter_tools/src/base/context.dart:145:18)
#13     FlutterCommand.run (package:flutter_tools/src/runner/flutter_command.dart:505:20)
#14     CommandRunner.runCommand (package:args/command_runner.dart:197:27)
#15     FlutterCommandRunner.runCommand.<anonymous closure> (package:flutter_tools/src/runner/flutter_command_runner.dart:413:21)
<asynchronous suspension>
#16     AppContext.run.<anonymous closure> (package:flutter_tools/src/base/context.dart:146:29)
#17     _rootRun (dart:async/zone.dart:1126:13)
#18     _CustomZone.run (dart:async/zone.dart:1023:19)
#19     _runZoned (dart:async/zone.dart:1518:10)
#20     runZoned (dart:async/zone.dart:1465:12)
#21     AppContext.run (package:flutter_tools/src/base/context.dart:145:18)
#22     FlutterCommandRunner.runCommand (package:flutter_tools/src/runner/flutter_command_runner.dart:364:19)
#23     CommandRunner.run.<anonymous closure> (package:args/command_runner.dart:112:25)
#24     new Future.sync (dart:async/future.dart:224:31)
#25     CommandRunner.run (package:args/command_runner.dart:112:14)
#26     FlutterCommandRunner.run (package:flutter_tools/src/runner/flutter_command_runner.dart:250:18)
#27     run.<anonymous closure>.<anonymous closure> (package:flutter_tools/runner.dart:63:22)
#28     _rootRun (dart:async/zone.dart:1126:13)
#29     _CustomZone.run (dart:async/zone.dart:1023:19)
#30     _runZoned (dart:async/zone.dart:1518:10)
#31     runZoned (dart:async/zone.dart:1502:12)
#32     run.<anonymous closure> (package:flutter_tools/runner.dart:61:18)
<asynchronous suspension>
#33     AppContext.run.<anonymous closure> (package:flutter_tools/src/base/context.dart:146:29)
#34     _rootRun (dart:async/zone.dart:1126:13)
#35     _CustomZone.run (dart:async/zone.dart:1023:19)
#36     _runZoned (dart:async/zone.dart:1518:10)
#37     runZoned (dart:async/zone.dart:1465:12)
#38     AppContext.run (package:flutter_tools/src/base/context.dart:145:18)
#39     runInContext (package:flutter_tools/src/context_runner.dart:64:24)
#40     run (package:flutter_tools/runner.dart:50:10)
#41     main (package:flutter_tools/executable.dart:65:9)
#42     main (file:///b/s/w/ir/k/archive/flutter/packages/flutter_tools/bin/flutter_tools.dart:8:3)
#43     _startIsolate.<anonymous closure> (dart:isolate-patch/isolate_patch.dart:305:32)
#44     _RawReceivePortImpl._handleMessage (dart:isolate-patch/isolate_patch.dart:174:12)
```

## flutter doctor

```
[✓] Flutter (Channel stable, v1.12.13+hotfix.8, on Mac OS X 10.15.6 19G2021, locale en-US)
    • Flutter version 1.12.13+hotfix.8 at /Users/natalieleung/Downloads/flutter
    • Framework revision 0b8abb4724 (1 year ago), 2020-02-11 11:44:36 -0800
    • Engine revision e1e6ced81d
    • Dart version 2.7.0

[✓] Android toolchain - develop for Android devices (Android SDK version 29.0.2)
    • Android SDK at /Users/natalieleung/Library/Android/sdk
    • Android NDK location not configured (optional; useful for native profiling support)
    • Platform android-29, build-tools 29.0.2
    • Java binary at: /Applications/Android Studio.app/Contents/jre/jdk/Contents/Home/bin/java
    • Java version OpenJDK Runtime Environment (build 1.8.0_212-release-1586-b4-5784211)
    • All Android licenses accepted.

[✓] Xcode - develop for iOS and macOS (Xcode 12.2)
    • Xcode at /Applications/Xcode.app/Contents/Developer
    • Xcode 12.2, Build version 12B45b
    • CocoaPods version 1.7.5

[✓] Android Studio (version 3.6)
    • Android Studio at /Applications/Android Studio.app/Contents
    • Flutter plugin version 45.1.1
    • Dart plugin version 192.7761
    • Java version OpenJDK Runtime Environment (build 1.8.0_212-release-1586-b4-5784211)

[✓] Connected device (2 available)
    • N9130         • 2a241e3                              • android-arm • Android 4.4.4 (API 19)
    • iPhone 11 Pro • 5DB9C5A3-CAC8-48AE-8A6A-E3C7197313BE • ios         • com.apple.CoreSimulator.SimRuntime.iOS-14-2 (simulator)

• No issues found!
```
